ERROR: SQLSTATE[HY000] [2013] Lost connection to MySQL server at 'handshake: reading initial communication packet', system error: 104 - /complexx/checkSESSION.php at Friday 29th of January, 2021, 05:43:47 AM
ERROR: SQLSTATE[HY000] [2013] Lost connection to MySQL server at 'handshake: reading initial communication packet', system error: 104 - /complexx/totalOnlines.php at Friday 29th of January, 2021, 05:43:47 AM
ERROR: SQLSTATE[HY000] [2002] Can't connect to local MySQL server through socket '/var/lib/mysql/mysql.sock' (111) - /complexx/totalOnlines.php at Friday 29th of January, 2021, 05:43:47 AM
ERROR: SQLSTATE[HY000] [2002] Can't connect to local MySQL server through socket '/var/lib/mysql/mysql.sock' (111) - /complexx/Complexcheck.php?username=Stressing at Friday 29th of January, 2021, 05:43:47 AM
ERROR: SQLSTATE[HY000] [2002] Can't connect to local MySQL server through socket '/var/lib/mysql/mysql.sock' (111) - /complexx/totalOnlines.php at Friday 29th of January, 2021, 05:43:47 AM
ERROR: SQLSTATE[HY000] [2002] Can't connect to local MySQL server through socket '/var/lib/mysql/mysql.sock' (111) - /complexx/totalOnlines.php at Friday 29th of January, 2021, 05:43:47 AM
ERROR: SQLSTATE[HY000] [2002] Can't connect to local MySQL server through socket '/var/lib/mysql/mysql.sock' (111) - /complexx/totalOnlines.php at Friday 29th of January, 2021, 05:43:47 AM
ERROR: SQLSTATE[HY000] [2002] Can't connect to local MySQL server through socket '/var/lib/mysql/mysql.sock' (111) - /complexx/totalOnlines.php at Friday 29th of January, 2021, 05:43:47 AM
ERROR: SQLSTATE[HY000] [2002] Can't connect to local MySQL server through socket '/var/lib/mysql/mysql.sock' (111) - /complexx/totalOnlines.php at Friday 29th of January, 2021, 05:43:47 AM
ERROR: SQLSTATE[HY000] [2002] Can't connect to local MySQL server through socket '/var/lib/mysql/mysql.sock' (111) - /complexx/totalOnlines.php at Friday 29th of January, 2021, 05:43:47 AM
ERROR: SQLSTATE[HY000] [2002] Can't connect to local MySQL server through socket '/var/lib/mysql/mysql.sock' (111) - /complexx/totalOnlines.php at Friday 29th of January, 2021, 05:43:47 AM
ERROR: SQLSTATE[HY000] [2002] Can't connect to local MySQL server through socket '/var/lib/mysql/mysql.sock' (111) - /complexx/totalOnlines.php at Friday 29th of January, 2021, 05:43:47 AM
ERROR: SQLSTATE[HY000] [2002] Can't connect to local MySQL server through socket '/var/lib/mysql/mysql.sock' (111) - /complexx/totalOnlines.php at Friday 29th of January, 2021, 05:43:47 AM
ERROR: SQLSTATE[HY000] [2002] Can't connect to local MySQL server through socket '/var/lib/mysql/mysql.sock' (111) - /complexx/totalOnlines.php at Friday 29th of January, 2021, 05:43:47 AM
ERROR: SQLSTATE[HY000] [2002] Can't connect to local MySQL server through socket '/var/lib/mysql/mysql.sock' (111) - /complexx/totalOnlines.php at Friday 29th of January, 2021, 05:43:47 AM
ERROR: SQLSTATE[HY000] [2002] Can't connect to local MySQL server through socket '/var/lib/mysql/mysql.sock' (111) - /complexx/totalOnlines.php at Friday 29th of January, 2021, 05:43:47 AM
ERROR: SQLSTATE[HY000] [2002] Can't connect to local MySQL server through socket '/var/lib/mysql/mysql.sock' (111) - /complexx/totalOnlines.php at Friday 29th of January, 2021, 05:43:47 AM
ERROR: SQLSTATE[HY000] [2002] Can't connect to local MySQL server through socket '/var/lib/mysql/mysql.sock' (111) - /complexx/totalOnlines.php at Friday 29th of January, 2021, 05:43:47 AM
ERROR: SQLSTATE[HY000] [2002] Can't connect to local MySQL server through socket '/var/lib/mysql/mysql.sock' (111) - /complexx/totalOnlines.php at Friday 29th of January, 2021, 05:43:47 AM
ERROR: SQLSTATE[HY000] [2002] Can't connect to local MySQL server through socket '/var/lib/mysql/mysql.sock' (111) - /complexx/totalOnlines.php at Friday 29th of January, 2021, 05:43:47 AM
ERROR: SQLSTATE[HY000] [2002] Can't connect to local MySQL server through socket '/var/lib/mysql/mysql.sock' (111) - /complexx/totalOnlines.php at Friday 29th of January, 2021, 05:43:47 AM
ERROR: SQLSTATE[HY000] [2002] Can't connect to local MySQL server through socket '/var/lib/mysql/mysql.sock' (111) - /complexx/totalOnlines.php at Friday 29th of January, 2021, 05:43:47 AM
ERROR: SQLSTATE[HY000] [2002] Can't connect to local MySQL server through socket '/var/lib/mysql/mysql.sock' (111) - /complexx/totalOnlines.php at Friday 29th of January, 2021, 05:43:48 AM
ERROR: SQLSTATE[HY000] [2002] Can't connect to local MySQL server through socket '/var/lib/mysql/mysql.sock' (111) - /complexx/totalOnlines.php at Friday 29th of January, 2021, 05:43:48 AM
ERROR: SQLSTATE[HY000] [2002] Can't connect to local MySQL server through socket '/var/lib/mysql/mysql.sock' (111) - /complexx/totalOnlines.php at Friday 29th of January, 2021, 05:43:48 AM
ERROR: SQLSTATE[HY000] [2002] Can't connect to local MySQL server through socket '/var/lib/mysql/mysql.sock' (111) - /complexx/totalOnlines.php at Friday 29th of January, 2021, 05:43:51 AM
ERROR: SQLSTATE[HY000] [2002] Can't connect to local MySQL server through socket '/var/lib/mysql/mysql.sock' (111) - /complexx/totalOnlines.php at Friday 29th of January, 2021, 05:43:55 AM
ERROR: SQLSTATE[HY000] [2002] Can't connect to local MySQL server through socket '/var/lib/mysql/mysql.sock' (111) - /complexx/totalOnlines.php at Friday 29th of January, 2021, 05:43:57 AM
ERROR: SQLSTATE[HY000] [2002] Can't connect to local MySQL server through socket '/var/lib/mysql/mysql.sock' (111) - /complexx/totalOnlines.php at Friday 29th of January, 2021, 05:44:03 AM
ERROR: SQLSTATE[HY000] [2002] Can't connect to local MySQL server through socket '/var/lib/mysql/mysql.sock' (111) - /complexx/totalOnlines.php at Friday 29th of January, 2021, 05:44:05 AM
ERROR: SQLSTATE[HY000] [2002] Can't connect to local MySQL server through socket '/var/lib/mysql/mysql.sock' (111) - /complexx/Complexcheck.php?username=Stressing at Friday 29th of January, 2021, 05:44:06 AM
ERROR: SQLSTATE[HY000] [2002] Can't connect to local MySQL server through socket '/var/lib/mysql/mysql.sock' (111) - /complexx/totalOnlines.php at Friday 29th of January, 2021, 05:44:07 AM
ERROR: SQLSTATE[HY000] [2002] Can't connect to local MySQL server through socket '/var/lib/mysql/mysql.sock' (111) - /complexx/totalOnlines.php at Friday 29th of January, 2021, 05:44:16 AM
ERROR: SQLSTATE[HY000] [2002] Can't connect to local MySQL server through socket '/var/lib/mysql/mysql.sock' (111) - /complexx/Complexcheck.php?username=FxMaaS at Friday 29th of January, 2021, 05:44:16 AM
ERROR: SQLSTATE[HY000] [2002] Can't connect to local MySQL server through socket '/var/lib/mysql/mysql.sock' (111) - /complexx/totalOnlines.php at Friday 29th of January, 2021, 05:44:16 AM
ERROR: SQLSTATE[HY000] [2002] Can't connect to local MySQL server through socket '/var/lib/mysql/mysql.sock' (111) - /complexx/totalOnlines.php at Friday 29th of January, 2021, 05:44:19 AM
ERROR: SQLSTATE[HY000] [2002] Can't connect to local MySQL server through socket '/var/lib/mysql/mysql.sock' (111) - /complexx/totalOnlines.php at Friday 29th of January, 2021, 05:44:19 AM
ERROR: SQLSTATE[HY000] [2002] Can't connect to local MySQL server through socket '/var/lib/mysql/mysql.sock' (111) - /complexx/Complexcheck.php?username=Stressing at Friday 29th of January, 2021, 05:44:20 AM
ERROR: SQLSTATE[HY000] [2002] Can't connect to local MySQL server through socket '/var/lib/mysql/mysql.sock' (111) - /complexx/checkSESSION.php at Friday 29th of January, 2021, 05:44:22 AM
